/*C2*/SET SCHEMA PUBLIC
drop table if exists alert CASCADE 
create table alert (id varchar(255) not null, alert boolean, duration bigint not null, host varchar(255), type varchar(255), primary key (id))
INSERT INTO ALERT VALUES('1956578126',TRUE,6,NULL,NULL)
INSERT INTO ALERT VALUES('1264332407',TRUE,5,NULL,NULL)
INSERT INTO ALERT VALUES('2054063154',TRUE,8,NULL,NULL)
INSERT INTO ALERT VALUES('1285164291',TRUE,8,NULL,NULL)
INSERT INTO ALERT VALUES('1331361327',TRUE,6,NULL,NULL)
COMMIT
DISCONNECT
/*C3*/SET SCHEMA PUBLIC
DISCONNECT
/*C4*/SET SCHEMA PUBLIC
DISCONNECT
/*C5*/SET SCHEMA PUBLIC
DISCONNECT
/*C6*/SET SCHEMA PUBLIC
DISCONNECT
/*C7*/SET SCHEMA PUBLIC
DISCONNECT
/*C8*/SET SCHEMA PUBLIC
DISCONNECT
/*C9*/SET SCHEMA PUBLIC
DISCONNECT
/*C10*/SET SCHEMA PUBLIC
DISCONNECT
/*C11*/SET SCHEMA PUBLIC
DISCONNECT
